[portfolio-7e8b59.webflow.io/plants-paradise.html]
[backblue.gif]
[fade.gif]
[index.html]
[uploads-ssl.webflow.com/6100599524f4083641e1b61d/css/portfolio-7e8b59.webflow.d28cad5f5.css]
[ajax.googleapis.com/ajax/libs/webfont/1.6.26/webfont.js]
[uploads-ssl.webflow.com/6100599524f4083641e1b61d/610c3eb94db1ab2a0694ccba_Favicon.png]
[uploads-ssl.webflow.com/6100599524f4083641e1b61d/610c3e7986be98cdb0e0cd41_webclip.png]
[portfolio-7e8b59.webflow.io/index.html]
[uploads-ssl.webflow.com/6100599524f4083641e1b61d/610071e9b605fd684334ad94_Artboard 1.png]
[portfolio-7e8b59.webflow.io/about.html]
[portfolio-7e8b59.webflow.io/contact.html]
[uploads-ssl.webflow.com/6100599524f4083641e1b61d/610c082b36de5f3083f90bde_610a94e256e4ca121d937ae4_Close copy.png]
[uploads-ssl.webflow.com/6100599524f4083641e1b61d/610aaf8d54862fb73c6fe5e4_22.png]
[uploads-ssl.webflow.com/6100599524f4083641e1b61d/610aafec9200a46ac9e97956_33.png]
[uploads-ssl.webflow.com/6100599524f4083641e1b61d/610aafff51e0503b1383ac36_44.png]
[uploads-ssl.webflow.com/6100599524f4083641e1b61d/610ab015b8d70f2c5bb1e1de_55.png]
[uploads-ssl.webflow.com/6100599524f4083641e1b61d/610ab02751e050597483ac5c_66.png]
[uploads-ssl.webflow.com/6100599524f4083641e1b61d/610ab034c030f79024d8cc1b_77.png]
[uploads-ssl.webflow.com/6100599524f4083641e1b61d/610ab0424fec2b44bed0a5c4_78.gif]
[uploads-ssl.webflow.com/6100599524f4083641e1b61d/610ab068a324f9d9dd633407_88.png]
[uploads-ssl.webflow.com/6100599524f4083641e1b61d/610ab0742c95317e32e70046_99.png]
[uploads-ssl.webflow.com/6100599524f4083641e1b61d/610ab08209571394abc20db5_100.png]
[uploads-ssl.webflow.com/6100599524f4083641e1b61d/610ab092f3ced95cd513cf87_110.png]
[uploads-ssl.webflow.com/6100599524f4083641e1b61d/610ab09ef88eb12955801117_111.gif]
[uploads-ssl.webflow.com/6100599524f4083641e1b61d/610ab0b04091b75852d37f0c_120.png]
[uploads-ssl.webflow.com/6100599524f4083641e1b61d/610ab0ba933554ec5488604d_130.png]
[uploads-ssl.webflow.com/6100599524f4083641e1b61d/610ab0cdb74c1bf6b4d2d7f1_131.png]
[uploads-ssl.webflow.com/6100599524f4083641e1b61d/610ab0f1374e1f12d5df858b_140.png]
[uploads-ssl.webflow.com/6100599524f4083641e1b61d/610ab1219a207307f0eb5987_141.png]
[uploads-ssl.webflow.com/6100599524f4083641e1b61d/610ab12e043a2e6d59a80e2c_142.png]
[uploads-ssl.webflow.com/6100599524f4083641e1b61d/610ab166c030f75aaad8d16f_150.png]
[uploads-ssl.webflow.com/6100599524f4083641e1b61d/61014551187ee931e766c8c1_Artboard 1 copy@0.5x.png]
[d3e54v103j8qbb.cloudfront.net/js/jquery-3.5.1.min.dc5e7f18c89232.js]
[portfolio-7e8b59.webflow.io/plants-paradise.html]
[uploads-ssl.webflow.com/6100599524f4083641e1b61d/js/webflow.d0668d92b.js]
[uploads-ssl.webflow.com/6100599524f4083641e1b61d/6100599624f4082c7be1b64e_mountain.jpg]
[uploads-ssl.webflow.com/6100599524f4083641e1b61d/6100599624f4087fdce1b64c_hills.jpg]
[uploads-ssl.webflow.com/6100599524f4083641e1b61d/6100599624f40824e4e1b641_bob-van-aubel-ray-bans.jpg]
[uploads-ssl.webflow.com/6100599524f4083641e1b61d/6100599624f4082934e1b64a_sand.jpg]
[uploads-ssl.webflow.com/6100599524f4083641e1b61d/6100599624f40809dfe1b642_sunrise2.jpg]
[uploads-ssl.webflow.com/6100599524f4083641e1b61d/6100599624f4085257e1b649_birds.jpg]
[uploads-ssl.webflow.com/6100599524f4083641e1b61d/6100599624f4080919e1b646_johnny-lam-connect.jpg]
[uploads-ssl.webflow.com/6100599524f4083641e1b61d/6100599624f4084f79e1b63f_sunrise.jpg]
[uploads-ssl.webflow.com/6100599524f4083641e1b61d/6100599624f4085ca6e1b63a_oceans.jpg]
[uploads-ssl.webflow.com/6100599524f4083641e1b61d/6100599624f40818c9e1b63b_lake.jpg]
[uploads-ssl.webflow.com/6100599524f4083641e1b61d/6100599624f4083ee1e1b650_beach-1600px.jpg]
[uploads-ssl.webflow.com/6100599524f4083641e1b61d/610b2d32cae35f5d78ce22e0_cover.png]
[uploads-ssl.webflow.com/6100599524f4083641e1b61d/610c11fa098e3b1656b06df1_pexels-daniel-frank-305568.png]
[uploads-ssl.webflow.com/6100599524f4083641e1b61d/610c187a49224f6ced2fc0b8_banner.png]
[uploads-ssl.webflow.com/6100599524f4083641e1b61d/610c1a14c519820915d4316e_banner.png]
[uploads-ssl.webflow.com/6100599524f4083641e1b61d/61016aa44473e8d7ffab1ae6_me-lik.png]
[uploads-ssl.webflow.com/6100599524f4083641e1b61d/610c18c32c29b371bf19390f_banner.png]
[uploads-ssl.webflow.com/6100599524f4083641e1b61d/css/portfolio-7e8b59.webflow.d28cad5f5.css]
[portfolio-7e8b59.webflow.io/index.html]
[uploads-ssl.webflow.com/6100599524f4083641e1b61d/610c690866cce12aeb656e08_1628198868882.jpg]
[uploads-ssl.webflow.com/6100599524f4083641e1b61d/610c69e2895b7a6515222503_1628198868929.jpg]
[uploads-ssl.webflow.com/6100599524f4083641e1b61d/610c6a98d5380755c2f40e0c_1628198868908.png]
[uploads-ssl.webflow.com/6100599524f4083641e1b61d/610c64a766cce11aa56553b7_1628198868923.jpg]
[uploads-ssl.webflow.com/6100599524f4083641e1b61d/610c646f2df0b1037b26c413_1628198868893.jpg]
[uploads-ssl.webflow.com/6100599524f4083641e1b61d/610c6529f92b920531cee3b6_1628198868935.jpg]
[uploads-ssl.webflow.com/6100599524f4083641e1b61d/610c9055554ab0b2427591d2_site.jpg]
[portfolio-7e8b59.webflow.io/about.html]
[portfolio-7e8b59.webflow.io/contact.html]
